0 info it worked if it ends with ok
1 verbose cli [ 'C:\\Program Files\\nodejs\\node.exe',
1 verbose cli   'C:\\Program Files\\nodejs\\node_modules\\npm\\bin\\npm-cli.js',
1 verbose cli   'start' ]
2 info using npm@3.10.10
3 info using node@v6.9.3
4 verbose run-script [ 'prestart', 'start', 'poststart' ]
5 info lifecycle search-tips@1.0.0~prestart: search-tips@1.0.0
6 silly lifecycle search-tips@1.0.0~prestart: no script for prestart, continuing
7 info lifecycle search-tips@1.0.0~start: search-tips@1.0.0
8 verbose lifecycle search-tips@1.0.0~start: unsafe-perm in lifecycle true
9 verbose lifecycle search-tips@1.0.0~start: PATH: C:\Users\vatok\AppData\Roaming\nvm\v6.9.3\node_modules\npm\bin\node-gyp-bin;E:\ProjectsWeb\simalend-test\js\search-tips\node_modules\.bin;C:\Program Files\Git\cmd;C:\ProgramData\Oracle\Java\javapath;C:\Windows\system32;C:\Windows;C:\Windows\System32\Wbem;C:\Windows\System32\WindowsPowerShell\v1.0\;C:\Program Files (x86)\NVIDIA Corporation\PhysX\Common;C:\Program Files\Git\cmd;C:\WINDOWS\system32;C:\WINDOWS;C:\WINDOWS\System32\Wbem;C:\WINDOWS\System32\WindowsPowerShell\v1.0\;C:\WINDOWS\System32\OpenSSH\;E:\Android\Android_Studio_SDK_and_AVD\platform-tools;C:\Program Files\NVIDIA Corporation\NVIDIA NvDLISR;C:\Gradle\gradle-5.1.1\bin;C:\ProgramData\chocolatey\bin;C:\Program Files\Notepad++;C:\Program Files\MongoDB\Server\4.0\bin;C:\Users\vatok\AppData\Roaming\nvm;C:\Program Files\nodejs;C:\Ruby24-x64\bin;C:\Users\vatok\AppData\Local\Microsoft\WindowsApps;C:\Users\vatok\AppData\Local\GitHubDesktop\bin;C:\Users\vatok\AppData\Local\Programs\Microsoft VS Code\bin;C:\Users\vatok\AppData\Roaming\npm;C:\Users\vatok\AppData\Roaming\nvm;C:\Program Files\nodejs
10 verbose lifecycle search-tips@1.0.0~start: CWD: E:\ProjectsWeb\simalend-test\js\search-tips
11 silly lifecycle search-tips@1.0.0~start: Args: [ '/d /s /c', 'npm run build; webpack-dev-server --open' ]
12 silly lifecycle search-tips@1.0.0~start: Returned: code: 1  signal: null
13 info lifecycle search-tips@1.0.0~start: Failed to exec start script
14 verbose stack Error: search-tips@1.0.0 start: `npm run build; webpack-dev-server --open`
14 verbose stack Exit status 1
14 verbose stack     at EventEmitter.<anonymous> (C:\Users\vatok\AppData\Roaming\nvm\v6.9.3\node_modules\npm\lib\utils\lifecycle.js:255:16)
14 verbose stack     at emitTwo (events.js:106:13)
14 verbose stack     at EventEmitter.emit (events.js:191:7)
14 verbose stack     at ChildProcess.<anonymous> (C:\Users\vatok\AppData\Roaming\nvm\v6.9.3\node_modules\npm\lib\utils\spawn.js:40:14)
14 verbose stack     at emitTwo (events.js:106:13)
14 verbose stack     at ChildProcess.emit (events.js:191:7)
14 verbose stack     at maybeClose (internal/child_process.js:877:16)
14 verbose stack     at Process.ChildProcess._handle.onexit (internal/child_process.js:226:5)
15 verbose pkgid search-tips@1.0.0
16 verbose cwd E:\ProjectsWeb\simalend-test\js\search-tips
17 error Windows_NT 10.0.17134
18 error argv "C:\\Program Files\\nodejs\\node.exe" "C:\\Program Files\\nodejs\\node_modules\\npm\\bin\\npm-cli.js" "start"
19 error node v6.9.3
20 error npm  v3.10.10
21 error code ELIFECYCLE
22 error search-tips@1.0.0 start: `npm run build; webpack-dev-server --open`
22 error Exit status 1
23 error Failed at the search-tips@1.0.0 start script 'npm run build; webpack-dev-server --open'.
23 error Make sure you have the latest version of node.js and npm installed.
23 error If you do, this is most likely a problem with the search-tips package,
23 error not with npm itself.
23 error Tell the author that this fails on your system:
23 error     npm run build; webpack-dev-server --open
23 error You can get information on how to open an issue for this project with:
23 error     npm bugs search-tips
23 error Or if that isn't available, you can get their info via:
23 error     npm owner ls search-tips
23 error There is likely additional logging output above.
24 verbose exit [ 1, true ]
